<?xml version="1.0" encoding="UTF-8"?>
<testng-results ignored="0" total="1" passed="1" failed="0" skipped="0">
  <reporter-output>
  </reporter-output>
  <suite started-at="2022-08-08T03:36:35 PKT" name="Default suite" finished-at="2022-08-08T03:36:57 PKT" duration-ms="22139">
    <groups>
    </groups>
    <test started-at="2022-08-08T03:36:35 PKT" name="Default test" finished-at="2022-08-08T03:36:57 PKT" duration-ms="22139">
      <class name="tests.TestExecutionWeb">
        <test-method is-config="true" signature="setup()[pri:0, instance:tests.TestExecutionWeb@64cd705f]" started-at="2022-08-08T03:36:21 PKT" name="setup" finished-at="2022-08-08T03:36:35 PKT" duration-ms="13857" status="PASS">
          <reporter-output>
          </reporter-output>
        </test-method> <!-- setup -->
        <test-method signature="WebTest()[pri:0, instance:tests.TestExecutionWeb@64cd705f]" started-at="2022-08-08T03:36:35 PKT" name="WebTest" description="Web-test" finished-at="2022-08-08T03:36:57 PKT" duration-ms="21518" status="PASS">
          <reporter-output>
          </reporter-output>
        </test-method> <!-- WebTest -->
        <test-method is-config="true" signature="teardown()[pri:0, instance:tests.TestExecutionWeb@64cd705f]" started-at="2022-08-08T03:36:57 PKT" name="teardown" finished-at="2022-08-08T03:36:57 PKT" duration-ms="395" status="PASS">
          <reporter-output>
          </reporter-output>
        </test-method> <!-- teardown -->
      </class> <!-- tests.TestExecutionWeb -->
    </test> <!-- Default test -->
  </suite> <!-- Default suite -->
</testng-results>
